<?xml version="1.0" encoding="UTF-8"?>
<!-- Generated by org.testng.reporters.JUnitReportReporter -->
<testsuite hostname="Azizun" failures="0" tests="1" name="ConvertTestNGTCs.EditLead" time="24.904" errors="0" timestamp="2023-03-07T20:46:31 AEDT" skipped="0">
  <testcase classname="ConvertTestNGTCs.EditLead" name="editLead" time="24.904"/>
</testsuite> <!-- ConvertTestNGTCs.EditLead -->
